2026-01-23 17:23:20,558 - INFO - Created folder: C:/Users/SURFACE/Downloads\Images
2026-01-23 17:23:20,560 - INFO - Created folder: C:/Users/SURFACE/Downloads\Documents
2026-01-23 17:23:20,562 - INFO - Created folder: C:/Users/SURFACE/Downloads\Videos
2026-01-23 17:23:20,565 - INFO - Created folder: C:/Users/SURFACE/Downloads\Music
2026-01-23 17:23:20,566 - INFO - Created folder: C:/Users/SURFACE/Downloads\Archives
2026-01-23 17:23:20,569 - INFO - Created folder: C:/Users/SURFACE/Downloads\Programs
2026-01-23 17:23:20,571 - INFO - Created folder: C:/Users/SURFACE/Downloads\Others
2026-01-23 17:23:20,579 - INFO - Moved CursorSetup-x64-2.3.41.exe to Programs
2026-01-23 17:23:20,595 - INFO - Moved Firefox Installer.exe to Programs
2026-01-23 17:23:20,605 - INFO - Moved Git-2.52.0-64-bit.exe to Programs
2026-01-23 17:23:20,612 - INFO - Moved GrammarlyInstaller.eE0diJ8dgpvm9hrls3s80d82.exe to Programs
2026-01-23 17:23:20,620 - INFO - Moved python-3.13.0-amd64.exe to Programs
2026-01-23 17:23:20,626 - INFO - Moved VSCodeUserSetup-x64-1.95.3.exe to Programs
2026-01-23 17:23:20,634 - INFO - Moved WindowsPCHealthCheckSetup.msi to Programs
2026-02-03 12:42:31,508 - INFO - Created folder: C:/Users/SURFACE/Desktop/File Organizer Project (Files for testing)\Images
2026-02-03 12:42:31,533 - INFO - Created folder: C:/Users/SURFACE/Desktop/File Organizer Project (Files for testing)\Documents
2026-02-03 12:42:31,534 - INFO - Created folder: C:/Users/SURFACE/Desktop/File Organizer Project (Files for testing)\Videos
2026-02-03 12:42:31,535 - INFO - Created folder: C:/Users/SURFACE/Desktop/File Organizer Project (Files for testing)\Music
2026-02-03 12:42:31,535 - INFO - Created folder: C:/Users/SURFACE/Desktop/File Organizer Project (Files for testing)\Archives
2026-02-03 12:42:31,536 - INFO - Created folder: C:/Users/SURFACE/Desktop/File Organizer Project (Files for testing)\Programs
2026-02-03 12:42:31,536 - INFO - Created folder: C:/Users/SURFACE/Desktop/File Organizer Project (Files for testing)\Others
2026-02-03 12:42:31,559 - INFO - Moved .trashed-1772565664-IMG-20260124-WA0059.jpg to Images
2026-02-03 12:42:31,563 - INFO - Moved .trashed-1772565713-IMG-20260124-WA0085.jpg to Images
2026-02-03 12:42:31,566 - INFO - Moved .trashed-1772565722-IMG-20260125-WA0002.jpg to Images
2026-02-03 12:42:31,568 - INFO - Moved .trashed-1772565776-IMG-20260126-WA0000.jpg to Images
2026-02-03 12:42:31,571 - INFO - Moved .trashed-1772565810-IMG-20260122-WA0086.jpg to Images
2026-02-03 12:42:31,574 - INFO - Moved .trashed-1772565811-IMG-20260126-WA0030.jpg to Images
2026-02-03 12:42:31,576 - INFO - Moved .trashed-1772565869-IMG-20260126-WA0049.jpg to Images
2026-02-03 12:42:31,579 - INFO - Moved .trashed-1772565879-IMG-20260126-WA0093.jpg to Images
2026-02-03 12:42:31,582 - INFO - Moved .trashed-1772565880-IMG-20260126-WA0095.jpg to Images
2026-02-03 12:42:31,585 - INFO - Moved .trashed-1772565882-IMG-20260126-WA0096.jpg to Images
2026-02-03 12:42:31,589 - INFO - Moved .trashed-1772565887-IMG-20260126-WA0110.jpg to Images
2026-02-03 12:42:31,592 - INFO - Moved .trashed-1772565906-IMG-20260126-WA0118.jpg to Images
2026-02-03 12:42:31,595 - INFO - Moved Python 2025.docx to Documents
2026-02-03 12:42:31,597 - INFO - Moved python revision 2.pdf to Documents
2026-02-03 12:42:31,601 - INFO - Moved Python.docx to Documents
2026-02-03 12:42:31,604 - INFO - Moved PythonCourse_01_Intro.ppt to Documents
2026-02-03 12:42:31,606 - INFO - Moved PythonCourse_02_Expressions.ppt to Documents
2026-02-03 12:42:31,609 - INFO - Moved PythonCourse_03_Conditionals.ppt to Documents
2026-02-03 12:42:31,611 - INFO - Moved PythonCourse_04_Functions.ppt to Documents
2026-02-03 12:42:31,614 - INFO - Moved PythonCourse_05_Iteration.ppt to Documents
2026-02-03 12:42:31,618 - INFO - Moved py_sample.pdf to Documents
2026-02-03 12:42:31,620 - INFO - Moved Questions for choristers.docx to Documents
2026-02-03 12:42:31,623 - INFO - Moved RANK OF MATIX.docx to Documents
2026-02-03 12:42:31,625 - INFO - Moved Robotics Mechatronics 300 lvl.docx to Documents
2026-02-03 12:42:31,628 - INFO - Moved time_to_failure_dataset.docx to Documents
2026-02-03 12:42:31,631 - INFO - Moved Updated list of 300lvl MCT students 25_26.pdf to Documents
2026-02-03 12:42:31,633 - INFO - Moved Venue based sitting arrangement.docx to Documents
2026-02-03 12:42:31,636 - INFO - Moved Venue-based sitting arrangement_BUT-MCE307.xlsx to Documents
